<?xml version="1.0" encoding="UTF-8"?>
<testsuite xmlns:xsi="http://www.w3.org/2001/XMLSchema-instance" xsi:noNamespaceSchemaLocation="https://maven.apache.org/surefire/maven-surefire-plugin/xsd/surefire-test-report-3.0.xsd" version="3.0" name="br.com.estoque.dao.ItemDAOTest" time="0.615" tests="5" errors="0" skipped="0" failures="0">
  <properties>
[...]
</properties>
  <testcase name="testGetItens" classname="br.com.estoque.dao.ItemDAOTest" time="0.329">
    <system-out><![CDATA[Item salvo com sucesso!
Item salvo com sucesso!
]]></system-out>
  </testcase>
  <testcase name="testSaveItem" classname="br.com.estoque.dao.ItemDAOTest" time="0.063">
    <system-out><![CDATA[Item salvo com sucesso!
]]></system-out>
  </testcase>
  <testcase name="testUpdateItem" classname="br.com.estoque.dao.ItemDAOTest" time="0.075">
    <system-out><![CDATA[Item salvo com sucesso!
Item atualizado com sucesso!
]]></system-out>
  </testcase>
  <testcase name="testDeleteNonExistingItem" classname="br.com.estoque.dao.ItemDAOTest" time="0.054">
    <system-out><![CDATA[Nenhum item removido. O ID informado não existe.
]]></system-out>
  </testcase>
  <testcase name="testDeleteItem" classname="br.com.estoque.dao.ItemDAOTest" time="0.069">
    <system-out><![CDATA[Item salvo com sucesso!
Item removido com sucesso!
]]></system-out>
  </testcase>
</testsuite>